<?xml version="1.0" encoding="UTF-8"?>
<TestRun id="bb7de728-3edc-4361-8068-59f2951fca2d" name="HZhang27@BGC-HUIZHANG27 2012-12-07 17:08:12" runUser="DIR\HZhang27" xmlns="http://microsoft.com/schemas/VisualStudio/TeamTest/2006">
  <TestRunConfiguration name="Local Test Run" id="287d6ab1-aea9-47ca-9322-0e86b43ef892">
    <Description>This is a default test run configuration for a local test run.</Description>
    <Deployment runDeploymentRoot="D:\SMRs\BootCamp\Cabinet\CabinetSystem\TestResults\HZhang27_BGC-HUIZHANG27 2012-12-07 17_08_12">
      <DeploymentItem filename="D:\SMRs\BootCamp\Cabinet\CabinetSystem\bin\Debug\CabinetSystem.dll" />
    </Deployment>
    <TestTypeSpecific />
  </TestRunConfiguration>
  <ResultSummary outcome="Completed">
    <Counters total="6" executed="6" passed="6" error="0" failed="0" timeout="0" aborted="0" inconclusive="0" passedButRunAborted="0" notRunnable="0" notExecuted="0" disconnected="0" warning="0" completed="0" inProgress="0" pending="0" />
  </ResultSummary>
  <Times creation="2012-12-07T17:08:12.2514999+08:00" queuing="2012-12-07T17:08:14.1266071+08:00" start="2012-12-07T17:08:14.2956168+08:00" finish="2012-12-07T17:08:15.2556717+08:00" />
  <TestDefinitions>
    <UnitTest name="Store_One_Bag_When_All_Cabinets_Full_Return_Null_Ticket" storage="d:\smrs\bootcamp\cabinet\cabinettest\bin\debug\cabinettest.dll" id="ce7f33f9-9475-1133-9989-146c2510893b">
      <Css projectStructure="" iteration="" />
      <Owners>
        <Owner name="" />
      </Owners>
      <Execution id="0503b5cc-f3d9-4dc0-a481-e8534f5aa94c" />
      <TestMethod codeBase="D:\SMRs\BootCamp\Cabinet\CabinetTest\bin\Debug\CabinetTest.dll" adapterTypeName="Microsoft.VisualStudio.TestTools.TestTypes.Unit.UnitTestAdapter, Microsoft.VisualStudio.QualityTools.Tips.UnitTest.Adapter, Version=9.0.0.0, Culture=neutral, PublicKeyToken=b03f5f7f11d50a3a" className="CabinetTest.RobotTest, CabinetTest" name="Store_One_Bag_When_All_Cabinets_Full_Return_Null_Ticket" />
    </UnitTest>
    <UnitTest name="Store_One_Bag_When_Cabinet_Full_Return_Null_Ticket" storage="d:\smrs\bootcamp\cabinet\cabinettest\bin\debug\cabinettest.dll" id="0ca6a88a-717a-7a69-dad6-f677fd020750">
      <Css projectStructure="" iteration="" />
      <Owners>
        <Owner name="" />
      </Owners>
      <Execution id="3600e06f-c55d-4440-be41-932d2b86e77f" />
      <TestMethod codeBase="D:\SMRs\BootCamp\Cabinet\CabinetTest\bin\Debug\CabinetTest.dll" adapterTypeName="Microsoft.VisualStudio.TestTools.TestTypes.Unit.UnitTestAdapter, Microsoft.VisualStudio.QualityTools.Tips.UnitTest.Adapter, Version=9.0.0.0, Culture=neutral, PublicKeyToken=b03f5f7f11d50a3a" className="CabinetTest.CabinetTest, CabinetTest" name="Store_One_Bag_When_Cabinet_Full_Return_Null_Ticket" />
    </UnitTest>
    <UnitTest name="Store_One_Bag_When_Cabinet_Has_EmptyBox_Return_Valid_Ticket" storage="d:\smrs\bootcamp\cabinet\cabinettest\bin\debug\cabinettest.dll" id="97035d4c-58db-3eef-de98-be4571829869">
      <Css projectStructure="" iteration="" />
      <Owners>
        <Owner name="" />
      </Owners>
      <Execution id="cb7d4096-0895-4784-a7e2-87457c5db516" />
      <TestMethod codeBase="D:\SMRs\BootCamp\Cabinet\CabinetTest\bin\Debug\CabinetTest.dll" adapterTypeName="Microsoft.VisualStudio.TestTools.TestTypes.Unit.UnitTestAdapter, Microsoft.VisualStudio.QualityTools.Tips.UnitTest.Adapter, Version=9.0.0.0, Culture=neutral, PublicKeyToken=b03f5f7f11d50a3a" className="CabinetTest.CabinetTest, CabinetTest" name="Store_One_Bag_When_Cabinet_Has_EmptyBox_Return_Valid_Ticket" />
    </UnitTest>
    <UnitTest name="Store_One_Bag_When_Not_All_Cabinets_Full_Return_Ticket" storage="d:\smrs\bootcamp\cabinet\cabinettest\bin\debug\cabinettest.dll" id="a0d9b48c-c41f-dd2c-4199-0879ee5fd2be">
      <Css projectStructure="" iteration="" />
      <Owners>
        <Owner name="" />
      </Owners>
      <Execution id="bdbee5da-97df-4c10-ba11-c68826e7c48e" />
      <TestMethod codeBase="D:\SMRs\BootCamp\Cabinet\CabinetTest\bin\Debug\CabinetTest.dll" adapterTypeName="Microsoft.VisualStudio.TestTools.TestTypes.Unit.UnitTestAdapter, Microsoft.VisualStudio.QualityTools.Tips.UnitTest.Adapter, Version=9.0.0.0, Culture=neutral, PublicKeyToken=b03f5f7f11d50a3a" className="CabinetTest.RobotTest, CabinetTest" name="Store_One_Bag_When_Not_All_Cabinets_Full_Return_Ticket" />
    </UnitTest>
    <UnitTest name="Pick_One_Bag_When_Cabinet_Has_My_Bag_And_Give_Valid_Ticket" storage="d:\smrs\bootcamp\cabinet\cabinettest\bin\debug\cabinettest.dll" id="cf337f3f-06fd-eff3-0301-eb555ab30e69">
      <Css projectStructure="" iteration="" />
      <Owners>
        <Owner name="" />
      </Owners>
      <Execution id="e7d58d92-f764-448d-ac4b-e68c8a3af9f4" />
      <TestMethod codeBase="D:\SMRs\BootCamp\Cabinet\CabinetTest\bin\Debug\CabinetTest.dll" adapterTypeName="Microsoft.VisualStudio.TestTools.TestTypes.Unit.UnitTestAdapter, Microsoft.VisualStudio.QualityTools.Tips.UnitTest.Adapter, Version=9.0.0.0, Culture=neutral, PublicKeyToken=b03f5f7f11d50a3a" className="CabinetTest.CabinetTest, CabinetTest" name="Pick_One_Bag_When_Cabinet_Has_My_Bag_And_Give_Valid_Ticket" />
    </UnitTest>
    <UnitTest name="Pick_Return_NULL_When_Give_InValid_Ticket" storage="d:\smrs\bootcamp\cabinet\cabinettest\bin\debug\cabinettest.dll" id="d21da168-b89d-96b9-2c8c-212fd5b4719e">
      <Css projectStructure="" iteration="" />
      <Owners>
        <Owner name="" />
      </Owners>
      <Execution id="0a4dab9b-72ae-495c-96cc-0f08f2751c25" />
      <TestMethod codeBase="D:\SMRs\BootCamp\Cabinet\CabinetTest\bin\Debug\CabinetTest.dll" adapterTypeName="Microsoft.VisualStudio.TestTools.TestTypes.Unit.UnitTestAdapter, Microsoft.VisualStudio.QualityTools.Tips.UnitTest.Adapter, Version=9.0.0.0, Culture=neutral, PublicKeyToken=b03f5f7f11d50a3a" className="CabinetTest.CabinetTest, CabinetTest" name="Pick_Return_NULL_When_Give_InValid_Ticket" />
    </UnitTest>
  </TestDefinitions>
  <TestLists>
    <TestList name="Results Not in a List" id="8c84fa94-04c1-424b-9868-57a2d4851a1d" />
    <TestList name="All Loaded Results" id="19431567-8539-422a-85d7-44ee4e166bda" />
  </TestLists>
  <TestEntries>
    <TestEntry testId="0ca6a88a-717a-7a69-dad6-f677fd020750" executionId="3600e06f-c55d-4440-be41-932d2b86e77f" testListId="8c84fa94-04c1-424b-9868-57a2d4851a1d" />
    <TestEntry testId="97035d4c-58db-3eef-de98-be4571829869" executionId="cb7d4096-0895-4784-a7e2-87457c5db516" testListId="8c84fa94-04c1-424b-9868-57a2d4851a1d" />
    <TestEntry testId="a0d9b48c-c41f-dd2c-4199-0879ee5fd2be" executionId="bdbee5da-97df-4c10-ba11-c68826e7c48e" testListId="8c84fa94-04c1-424b-9868-57a2d4851a1d" />
    <TestEntry testId="ce7f33f9-9475-1133-9989-146c2510893b" executionId="0503b5cc-f3d9-4dc0-a481-e8534f5aa94c" testListId="8c84fa94-04c1-424b-9868-57a2d4851a1d" />
    <TestEntry testId="cf337f3f-06fd-eff3-0301-eb555ab30e69" executionId="e7d58d92-f764-448d-ac4b-e68c8a3af9f4" testListId="8c84fa94-04c1-424b-9868-57a2d4851a1d" />
    <TestEntry testId="d21da168-b89d-96b9-2c8c-212fd5b4719e" executionId="0a4dab9b-72ae-495c-96cc-0f08f2751c25" testListId="8c84fa94-04c1-424b-9868-57a2d4851a1d" />
  </TestEntries>
  <Results>
    <UnitTestResult executionId="3600e06f-c55d-4440-be41-932d2b86e77f" testId="0ca6a88a-717a-7a69-dad6-f677fd020750" testName="Store_One_Bag_When_Cabinet_Full_Return_Null_Ticket" computerName="BGC-HUIZHANG27" duration="00:00:00.0614975" startTime="2012-12-07T17:08:14.3516200+08:00" endTime="2012-12-07T17:08:15.1836676+08:00" testType="13cdc9d9-ddb5-4fa4-a97d-d965ccfc6d4b" outcome="Passed" testListId="8c84fa94-04c1-424b-9868-57a2d4851a1d">
      <Output>
      </Output>
    </UnitTestResult>
    <UnitTestResult executionId="cb7d4096-0895-4784-a7e2-87457c5db516" testId="97035d4c-58db-3eef-de98-be4571829869" testName="Store_One_Bag_When_Cabinet_Has_EmptyBox_Return_Valid_Ticket" computerName="BGC-HUIZHANG27" duration="00:00:00.0005652" startTime="2012-12-07T17:08:15.1846677+08:00" endTime="2012-12-07T17:08:15.1866678+08:00" testType="13cdc9d9-ddb5-4fa4-a97d-d965ccfc6d4b" outcome="Passed" testListId="8c84fa94-04c1-424b-9868-57a2d4851a1d">
      <Output>
      </Output>
    </UnitTestResult>
    <UnitTestResult executionId="bdbee5da-97df-4c10-ba11-c68826e7c48e" testId="a0d9b48c-c41f-dd2c-4199-0879ee5fd2be" testName="Store_One_Bag_When_Not_All_Cabinets_Full_Return_Ticket" computerName="BGC-HUIZHANG27" duration="00:00:00.0024039" startTime="2012-12-07T17:08:15.1876678+08:00" endTime="2012-12-07T17:08:15.1916681+08:00" testType="13cdc9d9-ddb5-4fa4-a97d-d965ccfc6d4b" outcome="Passed" testListId="8c84fa94-04c1-424b-9868-57a2d4851a1d">
      <Output>
      </Output>
    </UnitTestResult>
    <UnitTestResult executionId="0503b5cc-f3d9-4dc0-a481-e8534f5aa94c" testId="ce7f33f9-9475-1133-9989-146c2510893b" testName="Store_One_Bag_When_All_Cabinets_Full_Return_Null_Ticket" computerName="BGC-HUIZHANG27" duration="00:00:00.0005774" startTime="2012-12-07T17:08:15.1916681+08:00" endTime="2012-12-07T17:08:15.1946682+08:00" testType="13cdc9d9-ddb5-4fa4-a97d-d965ccfc6d4b" outcome="Passed" testListId="8c84fa94-04c1-424b-9868-57a2d4851a1d">
      <Output>
      </Output>
    </UnitTestResult>
    <UnitTestResult executionId="e7d58d92-f764-448d-ac4b-e68c8a3af9f4" testId="cf337f3f-06fd-eff3-0301-eb555ab30e69" testName="Pick_One_Bag_When_Cabinet_Has_My_Bag_And_Give_Valid_Ticket" computerName="BGC-HUIZHANG27" duration="00:00:00.0033733" startTime="2012-12-07T17:08:15.1946682+08:00" endTime="2012-12-07T17:08:15.1996685+08:00" testType="13cdc9d9-ddb5-4fa4-a97d-d965ccfc6d4b" outcome="Passed" testListId="8c84fa94-04c1-424b-9868-57a2d4851a1d">
      <Output>
      </Output>
    </UnitTestResult>
    <UnitTestResult executionId="0a4dab9b-72ae-495c-96cc-0f08f2751c25" testId="d21da168-b89d-96b9-2c8c-212fd5b4719e" testName="Pick_Return_NULL_When_Give_InValid_Ticket" computerName="BGC-HUIZHANG27" duration="00:00:00.0002437" startTime="2012-12-07T17:08:15.2006686+08:00" endTime="2012-12-07T17:08:15.2026687+08:00" testType="13cdc9d9-ddb5-4fa4-a97d-d965ccfc6d4b" outcome="Passed" testListId="8c84fa94-04c1-424b-9868-57a2d4851a1d">
      <Output>
      </Output>
    </UnitTestResult>
  </Results>
</TestRun>