<?xml version="1.0" encoding="UTF-8"?>
<TestRun id="f295d67a-e9b8-4fdc-9a4d-2f0853b93444" name="HZhang27@BGC-HUIZHANG27 2012-12-08 00:48:18" runUser="DIR\HZhang27" xmlns="http://microsoft.com/schemas/VisualStudio/TeamTest/2006">
  <TestRunConfiguration name="Local Test Run" id="287d6ab1-aea9-47ca-9322-0e86b43ef892">
    <Description>This is a default test run configuration for a local test run.</Description>
    <Deployment runDeploymentRoot="D:\SMRs\BootCamp\Cabinet\CabinetTest\bin\Debug\TestResults\HZhang27_BGC-HUIZHANG27 2012-12-08 00_48_18" />
    <TestTypeSpecific />
  </TestRunConfiguration>
  <ResultSummary outcome="Completed">
    <Counters total="1" executed="1" passed="1" error="0" failed="0" timeout="0" aborted="0" inconclusive="0" passedButRunAborted="0" notRunnable="0" notExecuted="0" disconnected="0" warning="0" completed="0" inProgress="0" pending="0" />
  </ResultSummary>
  <Times creation="2012-12-08T00:48:18.3633395+08:00" queuing="2012-12-08T00:48:19.0803805+08:00" start="2012-12-08T00:48:19.1573849+08:00" finish="2012-12-08T00:48:19.4654025+08:00" />
  <TestDefinitions>
    <UnitTest name="StoreBag_In_MostEmpty_Cabinet" storage="d:\smrs\bootcamp\cabinet\cabinettest\bin\debug\cabinettest.dll" id="194e3b99-72c0-389d-e81a-acbfe18096fb">
      <Css projectStructure="" iteration="" />
      <Execution timeOut="1800000" id="f5ce27a4-1cbc-41a7-8539-fa2658888964" />
      <Owners>
        <Owner name="" />
      </Owners>
      <TestMethod codeBase="D:/SMRs/BootCamp/Cabinet/CabinetTest/bin/Debug/CabinetTest.DLL" adapterTypeName="Microsoft.VisualStudio.TestTools.TestTypes.Unit.UnitTestAdapter, Microsoft.VisualStudio.QualityTools.Tips.UnitTest.Adapter" className="CabinetTest.SmartRobotTest, CabinetTest, Version=1.0.0.0, Culture=neutral, PublicKeyToken=null" name="StoreBag_In_MostEmpty_Cabinet" />
    </UnitTest>
  </TestDefinitions>
  <TestLists>
    <TestList name="Results Not in a List" id="8c84fa94-04c1-424b-9868-57a2d4851a1d" />
    <TestList name="All Loaded Results" id="19431567-8539-422a-85d7-44ee4e166bda" />
  </TestLists>
  <TestEntries>
    <TestEntry testId="194e3b99-72c0-389d-e81a-acbfe18096fb" executionId="f5ce27a4-1cbc-41a7-8539-fa2658888964" testListId="8c84fa94-04c1-424b-9868-57a2d4851a1d" />
  </TestEntries>
  <Results>
    <UnitTestResult executionId="f5ce27a4-1cbc-41a7-8539-fa2658888964" testId="194e3b99-72c0-389d-e81a-acbfe18096fb" testName="StoreBag_In_MostEmpty_Cabinet" computerName="BGC-HUIZHANG27" duration="00:00:00.1494864" startTime="2012-12-08T00:48:19.2103880+08:00" endTime="2012-12-08T00:48:19.4214000+08:00" testType="13cdc9d9-ddb5-4fa4-a97d-d965ccfc6d4b" outcome="Passed" testListId="8c84fa94-04c1-424b-9868-57a2d4851a1d">
      <Output>
      </Output>
    </UnitTestResult>
  </Results>
</TestRun>