<?xml version="1.0" encoding="UTF-8"?>
<TestRun id="fb00db0e-d088-4ab2-ab6b-ef7c05e4d8e8" name="HZhang27@BGC-HUIZHANG27 2012-12-08 01:05:37" runUser="DIR\HZhang27" xmlns="http://microsoft.com/schemas/VisualStudio/TeamTest/2006">
  <TestRunConfiguration name="Local Test Run" id="287d6ab1-aea9-47ca-9322-0e86b43ef892">
    <Description>This is a default test run configuration for a local test run.</Description>
    <Deployment runDeploymentRoot="D:\SMRs\BootCamp\Cabinet\CabinetTest\bin\Debug\TestResults\HZhang27_BGC-HUIZHANG27 2012-12-08 01_05_37" />
    <TestTypeSpecific />
  </TestRunConfiguration>
  <ResultSummary outcome="Failed">
    <Counters total="4" executed="4" passed="2" error="0" failed="2" timeout="0" aborted="0" inconclusive="0" passedButRunAborted="0" notRunnable="0" notExecuted="0" disconnected="0" warning="0" completed="0" inProgress="0" pending="0" />
  </ResultSummary>
  <Times creation="2012-12-08T01:05:37.4557722+08:00" queuing="2012-12-08T01:05:38.1588124+08:00" start="2012-12-08T01:05:38.2398170+08:00" finish="2012-12-08T01:05:38.4908314+08:00" />
  <TestDefinitions>
    <UnitTest name="Pick_One_Bag_When_Cabinet_Has_My_Bag_And_Give_InValid_Ticket" storage="d:\smrs\bootcamp\cabinet\cabinettest\bin\debug\cabinettest.dll" id="09b27779-2cff-c61b-5852-2cee21a5fa9a">
      <Css projectStructure="" iteration="" />
      <Execution timeOut="1800000" id="8d6067c3-c6d0-41ec-96b5-3738699b73d9" />
      <Owners>
        <Owner name="" />
      </Owners>
      <TestMethod codeBase="D:/SMRs/BootCamp/Cabinet/CabinetTest/bin/Debug/CabinetTest.DLL" adapterTypeName="Microsoft.VisualStudio.TestTools.TestTypes.Unit.UnitTestAdapter, Microsoft.VisualStudio.QualityTools.Tips.UnitTest.Adapter" className="CabinetTest.SuperRobotTest, CabinetTest, Version=1.0.0.0, Culture=neutral, PublicKeyToken=null" name="Pick_One_Bag_When_Cabinet_Has_My_Bag_And_Give_InValid_Ticket" />
    </UnitTest>
    <UnitTest name="StoreBag_In_Highest_Vacancy_Rate_Cabinet" storage="d:\smrs\bootcamp\cabinet\cabinettest\bin\debug\cabinettest.dll" id="d63eeb64-1cb5-22b4-ce0b-4ca4cf739507">
      <Css projectStructure="" iteration="" />
      <Execution timeOut="1800000" id="9da5570e-4a49-453a-a6d5-ca33a35f4b91" />
      <Owners>
        <Owner name="" />
      </Owners>
      <TestMethod codeBase="D:/SMRs/BootCamp/Cabinet/CabinetTest/bin/Debug/CabinetTest.DLL" adapterTypeName="Microsoft.VisualStudio.TestTools.TestTypes.Unit.UnitTestAdapter, Microsoft.VisualStudio.QualityTools.Tips.UnitTest.Adapter" className="CabinetTest.SuperRobotTest, CabinetTest, Version=1.0.0.0, Culture=neutral, PublicKeyToken=null" name="StoreBag_In_Highest_Vacancy_Rate_Cabinet" />
    </UnitTest>
    <UnitTest name="Store_One_Bag_When_All_Cabinets_Full_Return_Null_Ticket" storage="d:\smrs\bootcamp\cabinet\cabinettest\bin\debug\cabinettest.dll" id="e702d8ba-c3ee-7c5d-a320-ac2910ef859d">
      <Css projectStructure="" iteration="" />
      <Execution timeOut="1800000" id="fec2f719-68f0-45e3-9f7e-0439975c9033" />
      <Owners>
        <Owner name="" />
      </Owners>
      <TestMethod codeBase="D:/SMRs/BootCamp/Cabinet/CabinetTest/bin/Debug/CabinetTest.DLL" adapterTypeName="Microsoft.VisualStudio.TestTools.TestTypes.Unit.UnitTestAdapter, Microsoft.VisualStudio.QualityTools.Tips.UnitTest.Adapter" className="CabinetTest.SuperRobotTest, CabinetTest, Version=1.0.0.0, Culture=neutral, PublicKeyToken=null" name="Store_One_Bag_When_All_Cabinets_Full_Return_Null_Ticket" />
    </UnitTest>
    <UnitTest name="Pick_One_Bag_When_Cabinet_Has_My_Bag_And_Give_Valid_Ticket" storage="d:\smrs\bootcamp\cabinet\cabinettest\bin\debug\cabinettest.dll" id="fc418ef8-0ecf-3c9c-9c59-e85542f2e812">
      <Css projectStructure="" iteration="" />
      <Execution timeOut="1800000" id="22507298-9e31-489f-a0d0-ac7c4854a9ea" />
      <Owners>
        <Owner name="" />
      </Owners>
      <TestMethod codeBase="D:/SMRs/BootCamp/Cabinet/CabinetTest/bin/Debug/CabinetTest.DLL" adapterTypeName="Microsoft.VisualStudio.TestTools.TestTypes.Unit.UnitTestAdapter, Microsoft.VisualStudio.QualityTools.Tips.UnitTest.Adapter" className="CabinetTest.SuperRobotTest, CabinetTest, Version=1.0.0.0, Culture=neutral, PublicKeyToken=null" name="Pick_One_Bag_When_Cabinet_Has_My_Bag_And_Give_Valid_Ticket" />
    </UnitTest>
  </TestDefinitions>
  <TestLists>
    <TestList name="Results Not in a List" id="8c84fa94-04c1-424b-9868-57a2d4851a1d" />
    <TestList name="All Loaded Results" id="19431567-8539-422a-85d7-44ee4e166bda" />
  </TestLists>
  <TestEntries>
    <TestEntry testId="09b27779-2cff-c61b-5852-2cee21a5fa9a" executionId="8d6067c3-c6d0-41ec-96b5-3738699b73d9" testListId="8c84fa94-04c1-424b-9868-57a2d4851a1d" />
    <TestEntry testId="fc418ef8-0ecf-3c9c-9c59-e85542f2e812" executionId="22507298-9e31-489f-a0d0-ac7c4854a9ea" testListId="8c84fa94-04c1-424b-9868-57a2d4851a1d" />
    <TestEntry testId="e702d8ba-c3ee-7c5d-a320-ac2910ef859d" executionId="fec2f719-68f0-45e3-9f7e-0439975c9033" testListId="8c84fa94-04c1-424b-9868-57a2d4851a1d" />
    <TestEntry testId="d63eeb64-1cb5-22b4-ce0b-4ca4cf739507" executionId="9da5570e-4a49-453a-a6d5-ca33a35f4b91" testListId="8c84fa94-04c1-424b-9868-57a2d4851a1d" />
  </TestEntries>
  <Results>
    <UnitTestResult executionId="8d6067c3-c6d0-41ec-96b5-3738699b73d9" testId="09b27779-2cff-c61b-5852-2cee21a5fa9a" testName="Pick_One_Bag_When_Cabinet_Has_My_Bag_And_Give_InValid_Ticket" computerName="BGC-HUIZHANG27" duration="00:00:00.0914352" startTime="2012-12-08T01:05:38.2858197+08:00" endTime="2012-12-08T01:05:38.4348282+08:00" testType="13cdc9d9-ddb5-4fa4-a97d-d965ccfc6d4b" outcome="Failed" testListId="8c84fa94-04c1-424b-9868-57a2d4851a1d">
      <Output>
        <ErrorInfo>
          <Message>Test method CabinetTest.SuperRobotTest.Pick_One_Bag_When_Cabinet_Has_My_Bag_And_Give_InValid_Ticket threw exception:  System.ArgumentNullException: Value cannot be null.
Parameter name: key.</Message>
          <StackTrace>    at System.ThrowHelper.ThrowArgumentNullException(ExceptionArgument argument)
   at System.Collections.Generic.Dictionary`2.FindEntry(TKey key)
   at System.Collections.Generic.Dictionary`2.ContainsKey(TKey key)
   at CabinetSystem.Cabinet.Pick(Ticket ticket) in D:\SMRs\BootCamp\Cabinet\CabinetSystem\Cabinet.cs:line 53
   at CabinetSystem.Robot.Pick(Ticket ticket) in D:\SMRs\BootCamp\Cabinet\CabinetSystem\Robot.cs:line 31
   at CabinetTest.SuperRobotTest.Pick_One_Bag_When_Cabinet_Has_My_Bag_And_Give_InValid_Ticket() in D:\SMRs\BootCamp\Cabinet\CabinetTest\SuperRobotTest.cs:line 48
</StackTrace>
        </ErrorInfo>
      </Output>
    </UnitTestResult>
    <UnitTestResult executionId="22507298-9e31-489f-a0d0-ac7c4854a9ea" testId="fc418ef8-0ecf-3c9c-9c59-e85542f2e812" testName="Pick_One_Bag_When_Cabinet_Has_My_Bag_And_Give_Valid_Ticket" computerName="BGC-HUIZHANG27" duration="00:00:00.0043375" startTime="2012-12-08T01:05:38.4358283+08:00" endTime="2012-12-08T01:05:38.4408285+08:00" testType="13cdc9d9-ddb5-4fa4-a97d-d965ccfc6d4b" outcome="Failed" testListId="8c84fa94-04c1-424b-9868-57a2d4851a1d">
      <Output>
        <ErrorInfo>
          <Message>Test method CabinetTest.SuperRobotTest.Pick_One_Bag_When_Cabinet_Has_My_Bag_And_Give_Valid_Ticket threw exception:  System.ArgumentNullException: Value cannot be null.
Parameter name: key.</Message>
          <StackTrace>    at System.ThrowHelper.ThrowArgumentNullException(ExceptionArgument argument)
   at System.Collections.Generic.Dictionary`2.FindEntry(TKey key)
   at System.Collections.Generic.Dictionary`2.ContainsKey(TKey key)
   at CabinetSystem.Cabinet.Pick(Ticket ticket) in D:\SMRs\BootCamp\Cabinet\CabinetSystem\Cabinet.cs:line 53
   at CabinetSystem.Robot.Pick(Ticket ticket) in D:\SMRs\BootCamp\Cabinet\CabinetSystem\Robot.cs:line 31
   at CabinetTest.SuperRobotTest.Pick_One_Bag_When_Cabinet_Has_My_Bag_And_Give_Valid_Ticket() in D:\SMRs\BootCamp\Cabinet\CabinetTest\SuperRobotTest.cs:line 38
</StackTrace>
        </ErrorInfo>
      </Output>
    </UnitTestResult>
    <UnitTestResult executionId="fec2f719-68f0-45e3-9f7e-0439975c9033" testId="e702d8ba-c3ee-7c5d-a320-ac2910ef859d" testName="Store_One_Bag_When_All_Cabinets_Full_Return_Null_Ticket" computerName="BGC-HUIZHANG27" duration="00:00:00.0008096" startTime="2012-12-08T01:05:38.4418286+08:00" endTime="2012-12-08T01:05:38.4428287+08:00" testType="13cdc9d9-ddb5-4fa4-a97d-d965ccfc6d4b" outcome="Passed" testListId="8c84fa94-04c1-424b-9868-57a2d4851a1d">
      <Output>
      </Output>
    </UnitTestResult>
    <UnitTestResult executionId="9da5570e-4a49-453a-a6d5-ca33a35f4b91" testId="d63eeb64-1cb5-22b4-ce0b-4ca4cf739507" testName="StoreBag_In_Highest_Vacancy_Rate_Cabinet" computerName="BGC-HUIZHANG27" duration="00:00:00.0052832" startTime="2012-12-08T01:05:38.4438287+08:00" endTime="2012-12-08T01:05:38.4488290+08:00" testType="13cdc9d9-ddb5-4fa4-a97d-d965ccfc6d4b" outcome="Passed" testListId="8c84fa94-04c1-424b-9868-57a2d4851a1d">
      <Output>
      </Output>
    </UnitTestResult>
  </Results>
</TestRun>