<?xml version="1.0" encoding="UTF-8"?>
<TestRun id="482a7dfb-c558-4dca-8bac-373566a86448" name="HZhang27@BGC-HUIZHANG27 2012-12-07 17:34:29" runUser="DIR\HZhang27" xmlns="http://microsoft.com/schemas/VisualStudio/TeamTest/2006">
  <TestRunConfiguration name="Local Test Run" id="287d6ab1-aea9-47ca-9322-0e86b43ef892">
    <Description>This is a default test run configuration for a local test run.</Description>
    <Deployment runDeploymentRoot="D:\SMRs\BootCamp\Cabinet\CabinetTest\bin\Debug\TestResults\HZhang27_BGC-HUIZHANG27 2012-12-07 17_34_29" />
    <TestTypeSpecific />
  </TestRunConfiguration>
  <ResultSummary outcome="Completed">
    <Counters total="4" executed="4" passed="4" error="0" failed="0" timeout="0" aborted="0" inconclusive="0" passedButRunAborted="0" notRunnable="0" notExecuted="0" disconnected="0" warning="0" completed="0" inProgress="0" pending="0" />
  </ResultSummary>
  <Times creation="2012-12-07T17:34:29.6187201+08:00" queuing="2012-12-07T17:34:30.3857640+08:00" start="2012-12-07T17:34:30.4637685+08:00" finish="2012-12-07T17:34:30.7487848+08:00" />
  <TestDefinitions>
    <UnitTest name="Store_One_Bag_When_Not_All_Cabinets_Full_Return_Ticket" storage="d:\smrs\bootcamp\cabinet\cabinettest\bin\debug\cabinettest.dll" id="e80522b4-fe7d-c412-7f8c-3294f406a334">
      <Css projectStructure="" iteration="" />
      <Execution timeOut="1800000" id="35ad8ff9-302f-430d-af23-8c59e6713bf9" />
      <Owners>
        <Owner name="" />
      </Owners>
      <TestMethod codeBase="D:/SMRs/BootCamp/Cabinet/CabinetTest/bin/Debug/CabinetTest.DLL" adapterTypeName="Microsoft.VisualStudio.TestTools.TestTypes.Unit.UnitTestAdapter, Microsoft.VisualStudio.QualityTools.Tips.UnitTest.Adapter" className="CabinetTest.SmartRobotTest, CabinetTest, Version=1.0.0.0, Culture=neutral, PublicKeyToken=null" name="Store_One_Bag_When_Not_All_Cabinets_Full_Return_Ticket" />
    </UnitTest>
    <UnitTest name="Pick_One_Bag_When_Cabinet_Has_My_Bag_And_Give_Valid_Ticket" storage="d:\smrs\bootcamp\cabinet\cabinettest\bin\debug\cabinettest.dll" id="2ec0cb6a-0e2c-7b87-322a-eed8f9432ae6">
      <Css projectStructure="" iteration="" />
      <Execution timeOut="1800000" id="9e1ade69-597b-4bca-b390-7326d7174c7b" />
      <Owners>
        <Owner name="" />
      </Owners>
      <TestMethod codeBase="D:/SMRs/BootCamp/Cabinet/CabinetTest/bin/Debug/CabinetTest.DLL" adapterTypeName="Microsoft.VisualStudio.TestTools.TestTypes.Unit.UnitTestAdapter, Microsoft.VisualStudio.QualityTools.Tips.UnitTest.Adapter" className="CabinetTest.SmartRobotTest, CabinetTest, Version=1.0.0.0, Culture=neutral, PublicKeyToken=null" name="Pick_One_Bag_When_Cabinet_Has_My_Bag_And_Give_Valid_Ticket" />
    </UnitTest>
    <UnitTest name="Pick_One_Bag_When_Cabinet_Has_My_Bag_And_Give_InValid_Ticket" storage="d:\smrs\bootcamp\cabinet\cabinettest\bin\debug\cabinettest.dll" id="3c3537dd-0a85-8c09-fbce-0fe540616ae8">
      <Css projectStructure="" iteration="" />
      <Execution timeOut="1800000" id="d8a75958-22c8-43e0-89fb-b7d7fb1f8d73" />
      <Owners>
        <Owner name="" />
      </Owners>
      <TestMethod codeBase="D:/SMRs/BootCamp/Cabinet/CabinetTest/bin/Debug/CabinetTest.DLL" adapterTypeName="Microsoft.VisualStudio.TestTools.TestTypes.Unit.UnitTestAdapter, Microsoft.VisualStudio.QualityTools.Tips.UnitTest.Adapter" className="CabinetTest.SmartRobotTest, CabinetTest, Version=1.0.0.0, Culture=neutral, PublicKeyToken=null" name="Pick_One_Bag_When_Cabinet_Has_My_Bag_And_Give_InValid_Ticket" />
    </UnitTest>
    <UnitTest name="Store_One_Bag_When_All_Cabinets_Full_Return_Null_Ticket" storage="d:\smrs\bootcamp\cabinet\cabinettest\bin\debug\cabinettest.dll" id="0a987830-0f93-1c95-7fa8-b94d95c4ba48">
      <Css projectStructure="" iteration="" />
      <Execution timeOut="1800000" id="72b98ebb-853f-4948-848b-9e50f74f67d5" />
      <Owners>
        <Owner name="" />
      </Owners>
      <TestMethod codeBase="D:/SMRs/BootCamp/Cabinet/CabinetTest/bin/Debug/CabinetTest.DLL" adapterTypeName="Microsoft.VisualStudio.TestTools.TestTypes.Unit.UnitTestAdapter, Microsoft.VisualStudio.QualityTools.Tips.UnitTest.Adapter" className="CabinetTest.SmartRobotTest, CabinetTest, Version=1.0.0.0, Culture=neutral, PublicKeyToken=null" name="Store_One_Bag_When_All_Cabinets_Full_Return_Null_Ticket" />
    </UnitTest>
  </TestDefinitions>
  <TestLists>
    <TestList name="Results Not in a List" id="8c84fa94-04c1-424b-9868-57a2d4851a1d" />
    <TestList name="All Loaded Results" id="19431567-8539-422a-85d7-44ee4e166bda" />
  </TestLists>
  <TestEntries>
    <TestEntry testId="3c3537dd-0a85-8c09-fbce-0fe540616ae8" executionId="d8a75958-22c8-43e0-89fb-b7d7fb1f8d73" testListId="8c84fa94-04c1-424b-9868-57a2d4851a1d" />
    <TestEntry testId="2ec0cb6a-0e2c-7b87-322a-eed8f9432ae6" executionId="9e1ade69-597b-4bca-b390-7326d7174c7b" testListId="8c84fa94-04c1-424b-9868-57a2d4851a1d" />
    <TestEntry testId="0a987830-0f93-1c95-7fa8-b94d95c4ba48" executionId="72b98ebb-853f-4948-848b-9e50f74f67d5" testListId="8c84fa94-04c1-424b-9868-57a2d4851a1d" />
    <TestEntry testId="e80522b4-fe7d-c412-7f8c-3294f406a334" executionId="35ad8ff9-302f-430d-af23-8c59e6713bf9" testListId="8c84fa94-04c1-424b-9868-57a2d4851a1d" />
  </TestEntries>
  <Results>
    <UnitTestResult executionId="d8a75958-22c8-43e0-89fb-b7d7fb1f8d73" testId="3c3537dd-0a85-8c09-fbce-0fe540616ae8" testName="Pick_One_Bag_When_Cabinet_Has_My_Bag_And_Give_InValid_Ticket" computerName="BGC-HUIZHANG27" duration="00:00:00.1322072" startTime="2012-12-07T17:34:30.5077710+08:00" endTime="2012-12-07T17:34:30.6977818+08:00" testType="13cdc9d9-ddb5-4fa4-a97d-d965ccfc6d4b" outcome="Passed" testListId="8c84fa94-04c1-424b-9868-57a2d4851a1d">
      <Output>
      </Output>
    </UnitTestResult>
    <UnitTestResult executionId="9e1ade69-597b-4bca-b390-7326d7174c7b" testId="2ec0cb6a-0e2c-7b87-322a-eed8f9432ae6" testName="Pick_One_Bag_When_Cabinet_Has_My_Bag_And_Give_Valid_Ticket" computerName="BGC-HUIZHANG27" duration="00:00:00.0032200" startTime="2012-12-07T17:34:30.6987819+08:00" endTime="2012-12-07T17:34:30.7027821+08:00" testType="13cdc9d9-ddb5-4fa4-a97d-d965ccfc6d4b" outcome="Passed" testListId="8c84fa94-04c1-424b-9868-57a2d4851a1d">
      <Output>
      </Output>
    </UnitTestResult>
    <UnitTestResult executionId="72b98ebb-853f-4948-848b-9e50f74f67d5" testId="0a987830-0f93-1c95-7fa8-b94d95c4ba48" testName="Store_One_Bag_When_All_Cabinets_Full_Return_Null_Ticket" computerName="BGC-HUIZHANG27" duration="00:00:00.0006640" startTime="2012-12-07T17:34:30.7027821+08:00" endTime="2012-12-07T17:34:30.7037822+08:00" testType="13cdc9d9-ddb5-4fa4-a97d-d965ccfc6d4b" outcome="Passed" testListId="8c84fa94-04c1-424b-9868-57a2d4851a1d">
      <Output>
      </Output>
    </UnitTestResult>
    <UnitTestResult executionId="35ad8ff9-302f-430d-af23-8c59e6713bf9" testId="e80522b4-fe7d-c412-7f8c-3294f406a334" testName="Store_One_Bag_When_Not_All_Cabinets_Full_Return_Ticket" computerName="BGC-HUIZHANG27" duration="00:00:00.0007403" startTime="2012-12-07T17:34:30.7047823+08:00" endTime="2012-12-07T17:34:30.7057823+08:00" testType="13cdc9d9-ddb5-4fa4-a97d-d965ccfc6d4b" outcome="Passed" testListId="8c84fa94-04c1-424b-9868-57a2d4851a1d">
      <Output>
      </Output>
    </UnitTestResult>
  </Results>
</TestRun>