<?xml version="1.0" encoding="UTF-8"?>
<TestRun id="b9d5f50e-4f54-4c14-8495-dbc01bda3ea0" name="HZhang27@BGC-HUIZHANG27 2012-11-02 13:45:40" runUser="DIR\HZhang27" xmlns="http://microsoft.com/schemas/VisualStudio/TeamTest/2006">
  <TestRunConfiguration name="Local Test Run" id="287d6ab1-aea9-47ca-9322-0e86b43ef892">
    <Description>This is a default test run configuration for a local test run.</Description>
    <Deployment runDeploymentRoot="D:\Temp\Training2\CabinetTest\bin\Debug\TestResults\HZhang27_BGC-HUIZHANG27 2012-11-02 13_45_40" />
    <TestTypeSpecific />
  </TestRunConfiguration>
  <ResultSummary outcome="Completed">
    <Counters total="2" executed="2" passed="2" error="0" failed="0" timeout="0" aborted="0" inconclusive="0" passedButRunAborted="0" notRunnable="0" notExecuted="0" disconnected="0" warning="0" completed="0" inProgress="0" pending="0" />
  </ResultSummary>
  <Times creation="2012-11-02T13:45:40.9616694+08:00" queuing="2012-11-02T13:45:41.6587092+08:00" start="2012-11-02T13:45:41.7377137+08:00" finish="2012-11-02T13:45:42.0147296+08:00" />
  <TestDefinitions>
    <UnitTest name="Store_One_Bag_When_All_Cabinets_Full_Return_Null_Ticket" storage="d:\temp\training2\cabinettest\bin\debug\cabinettest.dll" id="ce7f33f9-9475-1133-9989-146c2510893b">
      <Css projectStructure="" iteration="" />
      <Execution timeOut="1800000" id="11f86f36-c3b5-4343-91ea-1f54e11553c2" />
      <Owners>
        <Owner name="" />
      </Owners>
      <TestMethod codeBase="D:/Temp/Training2/CabinetTest/bin/Debug/CabinetTest.DLL" adapterTypeName="Microsoft.VisualStudio.TestTools.TestTypes.Unit.UnitTestAdapter, Microsoft.VisualStudio.QualityTools.Tips.UnitTest.Adapter" className="CabinetTest.RobotTest, CabinetTest, Version=1.0.0.0, Culture=neutral, PublicKeyToken=null" name="Store_One_Bag_When_All_Cabinets_Full_Return_Null_Ticket" />
    </UnitTest>
    <UnitTest name="Store_One_Bag_When_Not_All_Cabinets_Full_Return_Ticket" storage="d:\temp\training2\cabinettest\bin\debug\cabinettest.dll" id="a0d9b48c-c41f-dd2c-4199-0879ee5fd2be">
      <Css projectStructure="" iteration="" />
      <Execution timeOut="1800000" id="e4d6b586-7a20-449a-a775-7fc9cda7f1b2" />
      <Owners>
        <Owner name="" />
      </Owners>
      <TestMethod codeBase="D:/Temp/Training2/CabinetTest/bin/Debug/CabinetTest.DLL" adapterTypeName="Microsoft.VisualStudio.TestTools.TestTypes.Unit.UnitTestAdapter, Microsoft.VisualStudio.QualityTools.Tips.UnitTest.Adapter" className="CabinetTest.RobotTest, CabinetTest, Version=1.0.0.0, Culture=neutral, PublicKeyToken=null" name="Store_One_Bag_When_Not_All_Cabinets_Full_Return_Ticket" />
    </UnitTest>
  </TestDefinitions>
  <TestLists>
    <TestList name="Results Not in a List" id="8c84fa94-04c1-424b-9868-57a2d4851a1d" />
    <TestList name="All Loaded Results" id="19431567-8539-422a-85d7-44ee4e166bda" />
  </TestLists>
  <TestEntries>
    <TestEntry testId="ce7f33f9-9475-1133-9989-146c2510893b" executionId="11f86f36-c3b5-4343-91ea-1f54e11553c2" testListId="8c84fa94-04c1-424b-9868-57a2d4851a1d" />
    <TestEntry testId="a0d9b48c-c41f-dd2c-4199-0879ee5fd2be" executionId="e4d6b586-7a20-449a-a775-7fc9cda7f1b2" testListId="8c84fa94-04c1-424b-9868-57a2d4851a1d" />
  </TestEntries>
  <Results>
    <UnitTestResult executionId="11f86f36-c3b5-4343-91ea-1f54e11553c2" testId="ce7f33f9-9475-1133-9989-146c2510893b" testName="Store_One_Bag_When_All_Cabinets_Full_Return_Null_Ticket" computerName="BGC-HUIZHANG27" duration="00:00:00.1209703" startTime="2012-11-02T13:45:41.7827163+08:00" endTime="2012-11-02T13:45:41.9637267+08:00" testType="13cdc9d9-ddb5-4fa4-a97d-d965ccfc6d4b" outcome="Passed" testListId="8c84fa94-04c1-424b-9868-57a2d4851a1d">
      <Output>
      </Output>
    </UnitTestResult>
    <UnitTestResult executionId="e4d6b586-7a20-449a-a775-7fc9cda7f1b2" testId="a0d9b48c-c41f-dd2c-4199-0879ee5fd2be" testName="Store_One_Bag_When_Not_All_Cabinets_Full_Return_Ticket" computerName="BGC-HUIZHANG27" duration="00:00:00.0004561" startTime="2012-11-02T13:45:41.9647267+08:00" endTime="2012-11-02T13:45:41.9657268+08:00" testType="13cdc9d9-ddb5-4fa4-a97d-d965ccfc6d4b" outcome="Passed" testListId="8c84fa94-04c1-424b-9868-57a2d4851a1d">
      <Output>
      </Output>
    </UnitTestResult>
  </Results>
</TestRun>