<?xml version="1.0" encoding="UTF-8"?>
<TestRun id="bc1971a0-4748-4039-b92a-493272ce5411" name="HZhang27@BGC-HUIZHANG27 2012-12-07 17:16:41" runUser="DIR\HZhang27" xmlns="http://microsoft.com/schemas/VisualStudio/TeamTest/2006">
  <TestRunConfiguration name="Local Test Run" id="287d6ab1-aea9-47ca-9322-0e86b43ef892">
    <Description>This is a default test run configuration for a local test run.</Description>
    <Deployment runDeploymentRoot="D:\SMRs\BootCamp\Cabinet\CabinetTest\bin\Debug\TestResults\HZhang27_BGC-HUIZHANG27 2012-12-07 17_16_41" />
    <TestTypeSpecific />
  </TestRunConfiguration>
  <ResultSummary outcome="Completed">
    <Counters total="1" executed="1" passed="1" error="0" failed="0" timeout="0" aborted="0" inconclusive="0" passedButRunAborted="0" notRunnable="0" notExecuted="0" disconnected="0" warning="0" completed="0" inProgress="0" pending="0" />
  </ResultSummary>
  <Times creation="2012-12-07T17:16:41.4956270+08:00" queuing="2012-12-07T17:16:42.2796718+08:00" start="2012-12-07T17:16:42.3606765+08:00" finish="2012-12-07T17:16:42.6426926+08:00" />
  <TestDefinitions>
    <UnitTest name="Pick_One_Bag_When_Cabinet_Has_My_Bag_And_Give_Valid_Ticket" storage="d:\smrs\bootcamp\cabinet\cabinettest\bin\debug\cabinettest.dll" id="a3941f7d-72a4-3280-3519-01826a3ad2a6">
      <Css projectStructure="" iteration="" />
      <Execution timeOut="1800000" id="92704b0a-96cc-4206-9b6b-d61cfadfd20e" />
      <Owners>
        <Owner name="" />
      </Owners>
      <TestMethod codeBase="D:/SMRs/BootCamp/Cabinet/CabinetTest/bin/Debug/CabinetTest.DLL" adapterTypeName="Microsoft.VisualStudio.TestTools.TestTypes.Unit.UnitTestAdapter, Microsoft.VisualStudio.QualityTools.Tips.UnitTest.Adapter" className="CabinetTest.RobotTest, CabinetTest, Version=1.0.0.0, Culture=neutral, PublicKeyToken=null" name="Pick_One_Bag_When_Cabinet_Has_My_Bag_And_Give_Valid_Ticket" />
    </UnitTest>
  </TestDefinitions>
  <TestLists>
    <TestList name="Results Not in a List" id="8c84fa94-04c1-424b-9868-57a2d4851a1d" />
    <TestList name="All Loaded Results" id="19431567-8539-422a-85d7-44ee4e166bda" />
  </TestLists>
  <TestEntries>
    <TestEntry testId="a3941f7d-72a4-3280-3519-01826a3ad2a6" executionId="92704b0a-96cc-4206-9b6b-d61cfadfd20e" testListId="8c84fa94-04c1-424b-9868-57a2d4851a1d" />
  </TestEntries>
  <Results>
    <UnitTestResult executionId="92704b0a-96cc-4206-9b6b-d61cfadfd20e" testId="a3941f7d-72a4-3280-3519-01826a3ad2a6" testName="Pick_One_Bag_When_Cabinet_Has_My_Bag_And_Give_Valid_Ticket" computerName="BGC-HUIZHANG27" duration="00:00:00.1301581" startTime="2012-12-07T17:16:42.4086792+08:00" endTime="2012-12-07T17:16:42.5996901+08:00" testType="13cdc9d9-ddb5-4fa4-a97d-d965ccfc6d4b" outcome="Passed" testListId="8c84fa94-04c1-424b-9868-57a2d4851a1d">
      <Output>
      </Output>
    </UnitTestResult>
  </Results>
</TestRun>