<?xml version="1.0" encoding="UTF-8"?>
<TestRun id="796f81c7-47c0-4bf8-a13b-7f1da37e11a9" name="HZhang27@BGC-HUIZHANG27 2012-11-02 13:29:36" runUser="DIR\HZhang27" xmlns="http://microsoft.com/schemas/VisualStudio/TeamTest/2006">
  <TestRunConfiguration name="Local Test Run" id="287d6ab1-aea9-47ca-9322-0e86b43ef892">
    <Description>This is a default test run configuration for a local test run.</Description>
    <Deployment runDeploymentRoot="D:\Temp\Training2\CabinetTest\bin\Debug\TestResults\HZhang27_BGC-HUIZHANG27 2012-11-02 13_29_36" />
    <TestTypeSpecific />
  </TestRunConfiguration>
  <ResultSummary outcome="Failed">
    <Counters total="2" executed="2" passed="1" error="0" failed="1" timeout="0" aborted="0" inconclusive="0" passedButRunAborted="0" notRunnable="0" notExecuted="0" disconnected="0" warning="0" completed="0" inProgress="0" pending="0" />
  </ResultSummary>
  <Times creation="2012-11-02T13:29:36.3717645+08:00" queuing="2012-11-02T13:29:37.1088066+08:00" start="2012-11-02T13:29:37.1878112+08:00" finish="2012-11-02T13:29:37.5388312+08:00" />
  <TestDefinitions>
    <UnitTest name="Store_One_Bag_When_All_Cabinets_Full_Return_Null_Ticket" storage="d:\temp\training2\cabinettest\bin\debug\cabinettest.dll" id="ce7f33f9-9475-1133-9989-146c2510893b">
      <Css projectStructure="" iteration="" />
      <Execution timeOut="1800000" id="49e0ea94-ce24-46a6-a4e7-c37cf12b9932" />
      <Owners>
        <Owner name="" />
      </Owners>
      <TestMethod codeBase="D:/Temp/Training2/CabinetTest/bin/Debug/CabinetTest.DLL" adapterTypeName="Microsoft.VisualStudio.TestTools.TestTypes.Unit.UnitTestAdapter, Microsoft.VisualStudio.QualityTools.Tips.UnitTest.Adapter" className="CabinetTest.RobotTest, CabinetTest, Version=1.0.0.0, Culture=neutral, PublicKeyToken=null" name="Store_One_Bag_When_All_Cabinets_Full_Return_Null_Ticket" />
    </UnitTest>
    <UnitTest name="Store_One_Bag_When_Not_All_Cabinets_Full_Return_Ticket" storage="d:\temp\training2\cabinettest\bin\debug\cabinettest.dll" id="a0d9b48c-c41f-dd2c-4199-0879ee5fd2be">
      <Css projectStructure="" iteration="" />
      <Execution timeOut="1800000" id="035f3bae-944d-4fa3-89a5-f12db392b258" />
      <Owners>
        <Owner name="" />
      </Owners>
      <TestMethod codeBase="D:/Temp/Training2/CabinetTest/bin/Debug/CabinetTest.DLL" adapterTypeName="Microsoft.VisualStudio.TestTools.TestTypes.Unit.UnitTestAdapter, Microsoft.VisualStudio.QualityTools.Tips.UnitTest.Adapter" className="CabinetTest.RobotTest, CabinetTest, Version=1.0.0.0, Culture=neutral, PublicKeyToken=null" name="Store_One_Bag_When_Not_All_Cabinets_Full_Return_Ticket" />
    </UnitTest>
  </TestDefinitions>
  <TestLists>
    <TestList name="Results Not in a List" id="8c84fa94-04c1-424b-9868-57a2d4851a1d" />
    <TestList name="All Loaded Results" id="19431567-8539-422a-85d7-44ee4e166bda" />
  </TestLists>
  <TestEntries>
    <TestEntry testId="ce7f33f9-9475-1133-9989-146c2510893b" executionId="49e0ea94-ce24-46a6-a4e7-c37cf12b9932" testListId="8c84fa94-04c1-424b-9868-57a2d4851a1d" />
    <TestEntry testId="a0d9b48c-c41f-dd2c-4199-0879ee5fd2be" executionId="035f3bae-944d-4fa3-89a5-f12db392b258" testListId="8c84fa94-04c1-424b-9868-57a2d4851a1d" />
  </TestEntries>
  <Results>
    <UnitTestResult executionId="49e0ea94-ce24-46a6-a4e7-c37cf12b9932" testId="ce7f33f9-9475-1133-9989-146c2510893b" testName="Store_One_Bag_When_All_Cabinets_Full_Return_Null_Ticket" computerName="BGC-HUIZHANG27" duration="00:00:00.1340885" startTime="2012-11-02T13:29:37.2338138+08:00" endTime="2012-11-02T13:29:37.4258248+08:00" testType="13cdc9d9-ddb5-4fa4-a97d-d965ccfc6d4b" outcome="Passed" testListId="8c84fa94-04c1-424b-9868-57a2d4851a1d">
      <Output>
      </Output>
    </UnitTestResult>
    <UnitTestResult executionId="035f3bae-944d-4fa3-89a5-f12db392b258" testId="a0d9b48c-c41f-dd2c-4199-0879ee5fd2be" testName="Store_One_Bag_When_Not_All_Cabinets_Full_Return_Ticket" computerName="BGC-HUIZHANG27" duration="00:00:00.0664546" startTime="2012-11-02T13:29:37.4268248+08:00" endTime="2012-11-02T13:29:37.4938287+08:00" testType="13cdc9d9-ddb5-4fa4-a97d-d965ccfc6d4b" outcome="Failed" testListId="8c84fa94-04c1-424b-9868-57a2d4851a1d">
      <Output>
        <ErrorInfo>
          <Message>Assert.IsNotNull failed. </Message>
          <StackTrace>   at CabinetTest.RobotTest.Store_One_Bag_When_Not_All_Cabinets_Full_Return_Ticket() in D:\Temp\Training2\CabinetTest\RobotTest.cs:line 25
</StackTrace>
        </ErrorInfo>
      </Output>
    </UnitTestResult>
  </Results>
</TestRun>