<?xml version="1.0" encoding="UTF-8"?>
<TestRun id="5e807c19-25bf-4650-b063-bfd02ccf36b6" name="HZhang27@BGC-HUIZHANG27 2012-11-02 13:42:45" runUser="DIR\HZhang27" xmlns="http://microsoft.com/schemas/VisualStudio/TeamTest/2006">
  <TestRunConfiguration name="Local Test Run" id="287d6ab1-aea9-47ca-9322-0e86b43ef892">
    <Description>This is a default test run configuration for a local test run.</Description>
    <Deployment runDeploymentRoot="D:\Temp\Training2\CabinetTest\bin\Debug\TestResults\HZhang27_BGC-HUIZHANG27 2012-11-02 13_42_45" />
    <TestTypeSpecific />
  </TestRunConfiguration>
  <ResultSummary outcome="Failed">
    <Counters total="1" executed="1" error="0" failed="1" timeout="0" aborted="0" inconclusive="0" passedButRunAborted="0" notRunnable="0" notExecuted="0" disconnected="0" warning="0" passed="0" completed="0" inProgress="0" pending="0" />
  </ResultSummary>
  <Times creation="2012-11-02T13:42:45.8316525+08:00" queuing="2012-11-02T13:42:46.5476934+08:00" start="2012-11-02T13:42:46.6356985+08:00" finish="2012-11-02T13:42:46.9667174+08:00" />
  <TestDefinitions>
    <UnitTest name="Store_One_Bag_When_Not_All_Cabinets_Full_Return_Ticket" storage="d:\temp\training2\cabinettest\bin\debug\cabinettest.dll" id="a0d9b48c-c41f-dd2c-4199-0879ee5fd2be">
      <Css projectStructure="" iteration="" />
      <Execution timeOut="1800000" id="768db65a-9a7d-4ac1-bfa2-d3365f937a6c" />
      <Owners>
        <Owner name="" />
      </Owners>
      <TestMethod codeBase="D:/Temp/Training2/CabinetTest/bin/Debug/CabinetTest.DLL" adapterTypeName="Microsoft.VisualStudio.TestTools.TestTypes.Unit.UnitTestAdapter, Microsoft.VisualStudio.QualityTools.Tips.UnitTest.Adapter" className="CabinetTest.RobotTest, CabinetTest, Version=1.0.0.0, Culture=neutral, PublicKeyToken=null" name="Store_One_Bag_When_Not_All_Cabinets_Full_Return_Ticket" />
    </UnitTest>
  </TestDefinitions>
  <TestLists>
    <TestList name="Results Not in a List" id="8c84fa94-04c1-424b-9868-57a2d4851a1d" />
    <TestList name="All Loaded Results" id="19431567-8539-422a-85d7-44ee4e166bda" />
  </TestLists>
  <TestEntries>
    <TestEntry testId="a0d9b48c-c41f-dd2c-4199-0879ee5fd2be" executionId="768db65a-9a7d-4ac1-bfa2-d3365f937a6c" testListId="8c84fa94-04c1-424b-9868-57a2d4851a1d" />
  </TestEntries>
  <Results>
    <UnitTestResult executionId="768db65a-9a7d-4ac1-bfa2-d3365f937a6c" testId="a0d9b48c-c41f-dd2c-4199-0879ee5fd2be" testName="Store_One_Bag_When_Not_All_Cabinets_Full_Return_Ticket" computerName="BGC-HUIZHANG27" duration="00:00:00.1792745" startTime="2012-11-02T13:42:46.6807011+08:00" endTime="2012-11-02T13:42:46.9207148+08:00" testType="13cdc9d9-ddb5-4fa4-a97d-d965ccfc6d4b" outcome="Failed" testListId="8c84fa94-04c1-424b-9868-57a2d4851a1d">
      <Output>
        <ErrorInfo>
          <Message>Test method CabinetTest.RobotTest.Store_One_Bag_When_Not_All_Cabinets_Full_Return_Ticket threw exception:  System.InvalidCastException: Unable to cast object of type 'CabinetSystem.Cabinet' to type 'System.Collections.Generic.IEnumerable`1[CabinetSystem.Cabinet]'..</Message>
          <StackTrace>    at CabinetSystem.Robot.Setup(Int32 i) in D:\Temp\Training2\CabinetSystem\Robot.cs:line 29
   at CabinetTest.RobotTest.Store_One_Bag_When_Not_All_Cabinets_Full_Return_Ticket() in D:\Temp\Training2\CabinetTest\RobotTest.cs:line 22
</StackTrace>
        </ErrorInfo>
      </Output>
    </UnitTestResult>
  </Results>
</TestRun>