<?xml version="1.0" encoding="UTF-8"?>
<TestRun id="0b5f1db3-dad9-48da-bf4c-ba536303cb02" name="HZhang27@BGC-HUIZHANG27 2012-12-07 17:31:48" runUser="DIR\HZhang27" xmlns="http://microsoft.com/schemas/VisualStudio/TeamTest/2006">
  <TestRunConfiguration name="Local Test Run" id="287d6ab1-aea9-47ca-9322-0e86b43ef892">
    <Description>This is a default test run configuration for a local test run.</Description>
    <Deployment runDeploymentRoot="D:\SMRs\BootCamp\Cabinet\CabinetTest\bin\Debug\TestResults\HZhang27_BGC-HUIZHANG27 2012-12-07 17_31_48" />
    <TestTypeSpecific />
  </TestRunConfiguration>
  <ResultSummary outcome="Completed">
    <Counters total="4" executed="4" passed="4" error="0" failed="0" timeout="0" aborted="0" inconclusive="0" passedButRunAborted="0" notRunnable="0" notExecuted="0" disconnected="0" warning="0" completed="0" inProgress="0" pending="0" />
  </ResultSummary>
  <Times creation="2012-12-07T17:31:48.8825265+08:00" queuing="2012-12-07T17:31:49.6445701+08:00" start="2012-12-07T17:31:49.7335752+08:00" finish="2012-12-07T17:31:50.0325923+08:00" />
  <TestDefinitions>
    <UnitTest name="Store_One_Bag_When_All_Cabinets_Full_Return_Null_Ticket" storage="d:\smrs\bootcamp\cabinet\cabinettest\bin\debug\cabinettest.dll" id="ce7f33f9-9475-1133-9989-146c2510893b">
      <Css projectStructure="" iteration="" />
      <Execution timeOut="1800000" id="725c76f5-99af-4611-a231-e24ab271b6b9" />
      <Owners>
        <Owner name="" />
      </Owners>
      <TestMethod codeBase="D:/SMRs/BootCamp/Cabinet/CabinetTest/bin/Debug/CabinetTest.DLL" adapterTypeName="Microsoft.VisualStudio.TestTools.TestTypes.Unit.UnitTestAdapter, Microsoft.VisualStudio.QualityTools.Tips.UnitTest.Adapter" className="CabinetTest.RobotTest, CabinetTest, Version=1.0.0.0, Culture=neutral, PublicKeyToken=null" name="Store_One_Bag_When_All_Cabinets_Full_Return_Null_Ticket" />
    </UnitTest>
    <UnitTest name="Store_One_Bag_When_Not_All_Cabinets_Full_Return_Ticket" storage="d:\smrs\bootcamp\cabinet\cabinettest\bin\debug\cabinettest.dll" id="a0d9b48c-c41f-dd2c-4199-0879ee5fd2be">
      <Css projectStructure="" iteration="" />
      <Execution timeOut="1800000" id="d21ba150-5055-4170-8d65-0b5e18cf843e" />
      <Owners>
        <Owner name="" />
      </Owners>
      <TestMethod codeBase="D:/SMRs/BootCamp/Cabinet/CabinetTest/bin/Debug/CabinetTest.DLL" adapterTypeName="Microsoft.VisualStudio.TestTools.TestTypes.Unit.UnitTestAdapter, Microsoft.VisualStudio.QualityTools.Tips.UnitTest.Adapter" className="CabinetTest.RobotTest, CabinetTest, Version=1.0.0.0, Culture=neutral, PublicKeyToken=null" name="Store_One_Bag_When_Not_All_Cabinets_Full_Return_Ticket" />
    </UnitTest>
    <UnitTest name="Pick_One_Bag_When_Cabinet_Has_My_Bag_And_Give_InValid_Ticket" storage="d:\smrs\bootcamp\cabinet\cabinettest\bin\debug\cabinettest.dll" id="9956c182-ae45-5a02-6226-f241d4a86f27">
      <Css projectStructure="" iteration="" />
      <Execution timeOut="1800000" id="7ac4fed2-48ff-4367-8df2-18d3471ce89c" />
      <Owners>
        <Owner name="" />
      </Owners>
      <TestMethod codeBase="D:/SMRs/BootCamp/Cabinet/CabinetTest/bin/Debug/CabinetTest.DLL" adapterTypeName="Microsoft.VisualStudio.TestTools.TestTypes.Unit.UnitTestAdapter, Microsoft.VisualStudio.QualityTools.Tips.UnitTest.Adapter" className="CabinetTest.RobotTest, CabinetTest, Version=1.0.0.0, Culture=neutral, PublicKeyToken=null" name="Pick_One_Bag_When_Cabinet_Has_My_Bag_And_Give_InValid_Ticket" />
    </UnitTest>
    <UnitTest name="Pick_One_Bag_When_Cabinet_Has_My_Bag_And_Give_Valid_Ticket" storage="d:\smrs\bootcamp\cabinet\cabinettest\bin\debug\cabinettest.dll" id="a3941f7d-72a4-3280-3519-01826a3ad2a6">
      <Css projectStructure="" iteration="" />
      <Execution timeOut="1800000" id="97d673e1-4ba9-44fc-a4df-ea7fb97d370b" />
      <Owners>
        <Owner name="" />
      </Owners>
      <TestMethod codeBase="D:/SMRs/BootCamp/Cabinet/CabinetTest/bin/Debug/CabinetTest.DLL" adapterTypeName="Microsoft.VisualStudio.TestTools.TestTypes.Unit.UnitTestAdapter, Microsoft.VisualStudio.QualityTools.Tips.UnitTest.Adapter" className="CabinetTest.RobotTest, CabinetTest, Version=1.0.0.0, Culture=neutral, PublicKeyToken=null" name="Pick_One_Bag_When_Cabinet_Has_My_Bag_And_Give_Valid_Ticket" />
    </UnitTest>
  </TestDefinitions>
  <TestLists>
    <TestList name="Results Not in a List" id="8c84fa94-04c1-424b-9868-57a2d4851a1d" />
    <TestList name="All Loaded Results" id="19431567-8539-422a-85d7-44ee4e166bda" />
  </TestLists>
  <TestEntries>
    <TestEntry testId="9956c182-ae45-5a02-6226-f241d4a86f27" executionId="7ac4fed2-48ff-4367-8df2-18d3471ce89c" testListId="8c84fa94-04c1-424b-9868-57a2d4851a1d" />
    <TestEntry testId="a3941f7d-72a4-3280-3519-01826a3ad2a6" executionId="97d673e1-4ba9-44fc-a4df-ea7fb97d370b" testListId="8c84fa94-04c1-424b-9868-57a2d4851a1d" />
    <TestEntry testId="ce7f33f9-9475-1133-9989-146c2510893b" executionId="725c76f5-99af-4611-a231-e24ab271b6b9" testListId="8c84fa94-04c1-424b-9868-57a2d4851a1d" />
    <TestEntry testId="a0d9b48c-c41f-dd2c-4199-0879ee5fd2be" executionId="d21ba150-5055-4170-8d65-0b5e18cf843e" testListId="8c84fa94-04c1-424b-9868-57a2d4851a1d" />
  </TestEntries>
  <Results>
    <UnitTestResult executionId="7ac4fed2-48ff-4367-8df2-18d3471ce89c" testId="9956c182-ae45-5a02-6226-f241d4a86f27" testName="Pick_One_Bag_When_Cabinet_Has_My_Bag_And_Give_InValid_Ticket" computerName="BGC-HUIZHANG27" duration="00:00:00.1340049" startTime="2012-12-07T17:31:49.7795779+08:00" endTime="2012-12-07T17:31:49.9785892+08:00" testType="13cdc9d9-ddb5-4fa4-a97d-d965ccfc6d4b" outcome="Passed" testListId="8c84fa94-04c1-424b-9868-57a2d4851a1d">
      <Output>
      </Output>
    </UnitTestResult>
    <UnitTestResult executionId="97d673e1-4ba9-44fc-a4df-ea7fb97d370b" testId="a3941f7d-72a4-3280-3519-01826a3ad2a6" testName="Pick_One_Bag_When_Cabinet_Has_My_Bag_And_Give_Valid_Ticket" computerName="BGC-HUIZHANG27" duration="00:00:00.0038128" startTime="2012-12-07T17:31:49.9795893+08:00" endTime="2012-12-07T17:31:49.9845896+08:00" testType="13cdc9d9-ddb5-4fa4-a97d-d965ccfc6d4b" outcome="Passed" testListId="8c84fa94-04c1-424b-9868-57a2d4851a1d">
      <Output>
      </Output>
    </UnitTestResult>
    <UnitTestResult executionId="725c76f5-99af-4611-a231-e24ab271b6b9" testId="ce7f33f9-9475-1133-9989-146c2510893b" testName="Store_One_Bag_When_All_Cabinets_Full_Return_Null_Ticket" computerName="BGC-HUIZHANG27" duration="00:00:00.0006447" startTime="2012-12-07T17:31:49.9845896+08:00" endTime="2012-12-07T17:31:49.9855896+08:00" testType="13cdc9d9-ddb5-4fa4-a97d-d965ccfc6d4b" outcome="Passed" testListId="8c84fa94-04c1-424b-9868-57a2d4851a1d">
      <Output>
      </Output>
    </UnitTestResult>
    <UnitTestResult executionId="d21ba150-5055-4170-8d65-0b5e18cf843e" testId="a0d9b48c-c41f-dd2c-4199-0879ee5fd2be" testName="Store_One_Bag_When_Not_All_Cabinets_Full_Return_Ticket" computerName="BGC-HUIZHANG27" duration="00:00:00.0008622" startTime="2012-12-07T17:31:49.9865897+08:00" endTime="2012-12-07T17:31:49.9875898+08:00" testType="13cdc9d9-ddb5-4fa4-a97d-d965ccfc6d4b" outcome="Passed" testListId="8c84fa94-04c1-424b-9868-57a2d4851a1d">
      <Output>
      </Output>
    </UnitTestResult>
  </Results>
</TestRun>