<?xml version="1.0" encoding="UTF-8"?>
<TestRun id="c4f017d5-150c-405b-bdc0-f8cdddb6a050" name="HZhang27@BGC-HUIZHANG27 2012-12-08 01:19:01" runUser="DIR\HZhang27" xmlns="http://microsoft.com/schemas/VisualStudio/TeamTest/2006">
  <TestRunConfiguration name="Local Test Run" id="287d6ab1-aea9-47ca-9322-0e86b43ef892">
    <Description>This is a default test run configuration for a local test run.</Description>
    <Deployment runDeploymentRoot="D:\SMRs\BootCamp\Cabinet\CabinetTest\bin\Debug\TestResults\HZhang27_BGC-HUIZHANG27 2012-12-08 01_19_01" />
    <TestTypeSpecific />
  </TestRunConfiguration>
  <ResultSummary outcome="Completed">
    <Counters total="1" executed="1" passed="1" error="0" failed="0" timeout="0" aborted="0" inconclusive="0" passedButRunAborted="0" notRunnable="0" notExecuted="0" disconnected="0" warning="0" completed="0" inProgress="0" pending="0" />
  </ResultSummary>
  <Times creation="2012-12-08T01:19:01.0437348+08:00" queuing="2012-12-08T01:19:01.8457807+08:00" start="2012-12-08T01:19:01.9347858+08:00" finish="2012-12-08T01:20:00.1651164+08:00" />
  <TestDefinitions>
    <UnitTest name="Pick_One_Bag_When_Cabinet_Has_My_Bag_And_Give_Valid_Ticket" storage="d:\smrs\bootcamp\cabinet\cabinettest\bin\debug\cabinettest.dll" id="fc418ef8-0ecf-3c9c-9c59-e85542f2e812">
      <Css projectStructure="" iteration="" />
      <Execution timeOut="1800000" id="fdafc095-fdac-4cb7-affa-1e4ac8fb90eb" />
      <Owners>
        <Owner name="" />
      </Owners>
      <TestMethod codeBase="D:/SMRs/BootCamp/Cabinet/CabinetTest/bin/Debug/CabinetTest.DLL" adapterTypeName="Microsoft.VisualStudio.TestTools.TestTypes.Unit.UnitTestAdapter, Microsoft.VisualStudio.QualityTools.Tips.UnitTest.Adapter" className="CabinetTest.SuperRobotTest, CabinetTest, Version=1.0.0.0, Culture=neutral, PublicKeyToken=null" name="Pick_One_Bag_When_Cabinet_Has_My_Bag_And_Give_Valid_Ticket" />
    </UnitTest>
  </TestDefinitions>
  <TestLists>
    <TestList name="Results Not in a List" id="8c84fa94-04c1-424b-9868-57a2d4851a1d" />
    <TestList name="All Loaded Results" id="19431567-8539-422a-85d7-44ee4e166bda" />
  </TestLists>
  <TestEntries>
    <TestEntry testId="fc418ef8-0ecf-3c9c-9c59-e85542f2e812" executionId="fdafc095-fdac-4cb7-affa-1e4ac8fb90eb" testListId="8c84fa94-04c1-424b-9868-57a2d4851a1d" />
  </TestEntries>
  <Results>
    <UnitTestResult executionId="fdafc095-fdac-4cb7-affa-1e4ac8fb90eb" testId="fc418ef8-0ecf-3c9c-9c59-e85542f2e812" testName="Pick_One_Bag_When_Cabinet_Has_My_Bag_And_Give_Valid_Ticket" computerName="BGC-HUIZHANG27" duration="00:00:58.0183202" startTime="2012-12-08T01:19:02.0007895+08:00" endTime="2012-12-08T01:20:00.1111133+08:00" testType="13cdc9d9-ddb5-4fa4-a97d-d965ccfc6d4b" outcome="Passed" testListId="8c84fa94-04c1-424b-9868-57a2d4851a1d">
      <Output>
      </Output>
    </UnitTestResult>
  </Results>
</TestRun>