<?xml version="1.0" encoding="UTF-8"?>
<TestRun id="341b410e-b10d-4344-bd5e-49f505b9d39d" name="HZhang27@BGC-HUIZHANG27 2012-11-02 13:40:10" runUser="DIR\HZhang27" xmlns="http://microsoft.com/schemas/VisualStudio/TeamTest/2006">
  <TestRunConfiguration name="Local Test Run" id="287d6ab1-aea9-47ca-9322-0e86b43ef892">
    <Description>This is a default test run configuration for a local test run.</Description>
    <Deployment runDeploymentRoot="D:\Temp\Training2\CabinetTest\bin\Debug\TestResults\HZhang27_BGC-HUIZHANG27 2012-11-02 13_40_10" />
    <TestTypeSpecific />
  </TestRunConfiguration>
  <ResultSummary outcome="Failed">
    <Counters total="1" executed="1" error="0" failed="1" timeout="0" aborted="0" inconclusive="0" passedButRunAborted="0" notRunnable="0" notExecuted="0" disconnected="0" warning="0" passed="0" completed="0" inProgress="0" pending="0" />
  </ResultSummary>
  <Times creation="2012-11-02T13:40:10.5197692+08:00" queuing="2012-11-02T13:40:11.3638174+08:00" start="2012-11-02T13:40:11.4578228+08:00" finish="2012-11-02T13:40:30.9009349+08:00" />
  <TestDefinitions>
    <UnitTest name="Store_One_Bag_When_Not_All_Cabinets_Full_Return_Ticket" storage="d:\temp\training2\cabinettest\bin\debug\cabinettest.dll" id="a0d9b48c-c41f-dd2c-4199-0879ee5fd2be">
      <Css projectStructure="" iteration="" />
      <Execution timeOut="1800000" id="2593134f-699f-49fa-96ae-1cbd63f552ac" />
      <Owners>
        <Owner name="" />
      </Owners>
      <TestMethod codeBase="D:/Temp/Training2/CabinetTest/bin/Debug/CabinetTest.DLL" adapterTypeName="Microsoft.VisualStudio.TestTools.TestTypes.Unit.UnitTestAdapter, Microsoft.VisualStudio.QualityTools.Tips.UnitTest.Adapter" className="CabinetTest.RobotTest, CabinetTest, Version=1.0.0.0, Culture=neutral, PublicKeyToken=null" name="Store_One_Bag_When_Not_All_Cabinets_Full_Return_Ticket" />
    </UnitTest>
  </TestDefinitions>
  <TestLists>
    <TestList name="Results Not in a List" id="8c84fa94-04c1-424b-9868-57a2d4851a1d" />
    <TestList name="All Loaded Results" id="19431567-8539-422a-85d7-44ee4e166bda" />
  </TestLists>
  <TestEntries>
    <TestEntry testId="a0d9b48c-c41f-dd2c-4199-0879ee5fd2be" executionId="2593134f-699f-49fa-96ae-1cbd63f552ac" testListId="8c84fa94-04c1-424b-9868-57a2d4851a1d" />
  </TestEntries>
  <Results>
    <UnitTestResult executionId="2593134f-699f-49fa-96ae-1cbd63f552ac" testId="a0d9b48c-c41f-dd2c-4199-0879ee5fd2be" testName="Store_One_Bag_When_Not_All_Cabinets_Full_Return_Ticket" computerName="BGC-HUIZHANG27" duration="00:00:19.2241820" startTime="2012-11-02T13:40:11.5358273+08:00" endTime="2012-11-02T13:40:30.8389313+08:00" testType="13cdc9d9-ddb5-4fa4-a97d-d965ccfc6d4b" outcome="Failed" testListId="8c84fa94-04c1-424b-9868-57a2d4851a1d">
      <Output>
        <ErrorInfo>
          <Message>Assert.IsNotNull failed. </Message>
          <StackTrace>   at CabinetTest.RobotTest.Store_One_Bag_When_Not_All_Cabinets_Full_Return_Ticket() in D:\Temp\Training2\CabinetTest\RobotTest.cs:line 25
</StackTrace>
        </ErrorInfo>
      </Output>
    </UnitTestResult>
  </Results>
</TestRun>