<?xml version="1.0" encoding="UTF-8"?>
<TestRun id="46846399-e79b-4166-bd6f-a7386c8ec9a7" name="HZhang27@BGC-HUIZHANG27 2012-12-08 00:59:39" runUser="DIR\HZhang27" xmlns="http://microsoft.com/schemas/VisualStudio/TeamTest/2006">
  <TestRunConfiguration name="Local Test Run" id="287d6ab1-aea9-47ca-9322-0e86b43ef892">
    <Description>This is a default test run configuration for a local test run.</Description>
    <Deployment runDeploymentRoot="D:\SMRs\BootCamp\Cabinet\CabinetTest\bin\Debug\TestResults\HZhang27_BGC-HUIZHANG27 2012-12-08 00_59_39" />
    <TestTypeSpecific />
  </TestRunConfiguration>
  <ResultSummary outcome="Completed">
    <Counters total="1" executed="1" passed="1" error="0" failed="0" timeout="0" aborted="0" inconclusive="0" passedButRunAborted="0" notRunnable="0" notExecuted="0" disconnected="0" warning="0" completed="0" inProgress="0" pending="0" />
  </ResultSummary>
  <Times creation="2012-12-08T00:59:40.0013270+08:00" queuing="2012-12-08T00:59:40.7623705+08:00" start="2012-12-08T00:59:40.8503755+08:00" finish="2012-12-08T00:59:41.0153850+08:00" />
  <TestDefinitions>
    <UnitTest name="StoreBag_In_Highest_Vacancy_Rate_Cabinet" storage="d:\smrs\bootcamp\cabinet\cabinettest\bin\debug\cabinettest.dll" id="d63eeb64-1cb5-22b4-ce0b-4ca4cf739507">
      <Css projectStructure="" iteration="" />
      <Execution timeOut="1800000" id="48896c12-2afa-4ab8-8870-c82824417289" />
      <Owners>
        <Owner name="" />
      </Owners>
      <TestMethod codeBase="D:/SMRs/BootCamp/Cabinet/CabinetTest/bin/Debug/CabinetTest.DLL" adapterTypeName="Microsoft.VisualStudio.TestTools.TestTypes.Unit.UnitTestAdapter, Microsoft.VisualStudio.QualityTools.Tips.UnitTest.Adapter" className="CabinetTest.SuperRobotTest, CabinetTest, Version=1.0.0.0, Culture=neutral, PublicKeyToken=null" name="StoreBag_In_Highest_Vacancy_Rate_Cabinet" />
    </UnitTest>
  </TestDefinitions>
  <TestLists>
    <TestList name="Results Not in a List" id="8c84fa94-04c1-424b-9868-57a2d4851a1d" />
    <TestList name="All Loaded Results" id="19431567-8539-422a-85d7-44ee4e166bda" />
  </TestLists>
  <TestEntries>
    <TestEntry testId="d63eeb64-1cb5-22b4-ce0b-4ca4cf739507" executionId="48896c12-2afa-4ab8-8870-c82824417289" testListId="8c84fa94-04c1-424b-9868-57a2d4851a1d" />
  </TestEntries>
  <Results>
    <UnitTestResult executionId="48896c12-2afa-4ab8-8870-c82824417289" testId="d63eeb64-1cb5-22b4-ce0b-4ca4cf739507" testName="StoreBag_In_Highest_Vacancy_Rate_Cabinet" computerName="BGC-HUIZHANG27" duration="00:00:00.0157829" startTime="2012-12-08T00:59:40.8933780+08:00" endTime="2012-12-08T00:59:40.9733826+08:00" testType="13cdc9d9-ddb5-4fa4-a97d-d965ccfc6d4b" outcome="Passed" testListId="8c84fa94-04c1-424b-9868-57a2d4851a1d">
      <Output>
      </Output>
    </UnitTestResult>
  </Results>
</TestRun>