<?xml version="1.0" encoding="UTF-8"?>
<TestRun id="447d34ad-606c-4a78-af07-9696077c6719" name="HZhang27@BGC-HUIZHANG27 2012-12-08 01:06:45" runUser="DIR\HZhang27" xmlns="http://microsoft.com/schemas/VisualStudio/TeamTest/2006">
  <TestRunConfiguration name="Local Test Run" id="287d6ab1-aea9-47ca-9322-0e86b43ef892">
    <Description>This is a default test run configuration for a local test run.</Description>
    <Deployment runDeploymentRoot="D:\SMRs\BootCamp\Cabinet\CabinetTest\bin\Debug\TestResults\HZhang27_BGC-HUIZHANG27 2012-12-08 01_06_45" />
    <TestTypeSpecific />
  </TestRunConfiguration>
  <ResultSummary outcome="Completed">
    <Counters total="5" executed="5" passed="5" error="0" failed="0" timeout="0" aborted="0" inconclusive="0" passedButRunAborted="0" notRunnable="0" notExecuted="0" disconnected="0" warning="0" completed="0" inProgress="0" pending="0" />
  </ResultSummary>
  <Times creation="2012-12-08T01:06:45.3596561+08:00" queuing="2012-12-08T01:06:46.0676966+08:00" start="2012-12-08T01:06:46.1557016+08:00" finish="2012-12-08T01:06:46.3377120+08:00" />
  <TestDefinitions>
    <UnitTest name="Store_One_Bag_When_Not_All_Cabinets_Full_Return_Ticket" storage="d:\smrs\bootcamp\cabinet\cabinettest\bin\debug\cabinettest.dll" id="e80522b4-fe7d-c412-7f8c-3294f406a334">
      <Css projectStructure="" iteration="" />
      <Execution timeOut="1800000" id="1896dec9-5996-4fbe-9079-ec58b85bba18" />
      <Owners>
        <Owner name="" />
      </Owners>
      <TestMethod codeBase="D:/SMRs/BootCamp/Cabinet/CabinetTest/bin/Debug/CabinetTest.DLL" adapterTypeName="Microsoft.VisualStudio.TestTools.TestTypes.Unit.UnitTestAdapter, Microsoft.VisualStudio.QualityTools.Tips.UnitTest.Adapter" className="CabinetTest.SmartRobotTest, CabinetTest, Version=1.0.0.0, Culture=neutral, PublicKeyToken=null" name="Store_One_Bag_When_Not_All_Cabinets_Full_Return_Ticket" />
    </UnitTest>
    <UnitTest name="Pick_One_Bag_When_Cabinet_Has_My_Bag_And_Give_Valid_Ticket" storage="d:\smrs\bootcamp\cabinet\cabinettest\bin\debug\cabinettest.dll" id="2ec0cb6a-0e2c-7b87-322a-eed8f9432ae6">
      <Css projectStructure="" iteration="" />
      <Execution timeOut="1800000" id="155ad49c-1d80-4d00-9fd0-8a6af20ba4ca" />
      <Owners>
        <Owner name="" />
      </Owners>
      <TestMethod codeBase="D:/SMRs/BootCamp/Cabinet/CabinetTest/bin/Debug/CabinetTest.DLL" adapterTypeName="Microsoft.VisualStudio.TestTools.TestTypes.Unit.UnitTestAdapter, Microsoft.VisualStudio.QualityTools.Tips.UnitTest.Adapter" className="CabinetTest.SmartRobotTest, CabinetTest, Version=1.0.0.0, Culture=neutral, PublicKeyToken=null" name="Pick_One_Bag_When_Cabinet_Has_My_Bag_And_Give_Valid_Ticket" />
    </UnitTest>
    <UnitTest name="StoreBag_In_MostEmpty_Cabinet" storage="d:\smrs\bootcamp\cabinet\cabinettest\bin\debug\cabinettest.dll" id="194e3b99-72c0-389d-e81a-acbfe18096fb">
      <Css projectStructure="" iteration="" />
      <Execution timeOut="1800000" id="2eb89d24-0eb9-427b-a3e3-ee4c9ab7d0a4" />
      <Owners>
        <Owner name="" />
      </Owners>
      <TestMethod codeBase="D:/SMRs/BootCamp/Cabinet/CabinetTest/bin/Debug/CabinetTest.DLL" adapterTypeName="Microsoft.VisualStudio.TestTools.TestTypes.Unit.UnitTestAdapter, Microsoft.VisualStudio.QualityTools.Tips.UnitTest.Adapter" className="CabinetTest.SmartRobotTest, CabinetTest, Version=1.0.0.0, Culture=neutral, PublicKeyToken=null" name="StoreBag_In_MostEmpty_Cabinet" />
    </UnitTest>
    <UnitTest name="Pick_One_Bag_When_Cabinet_Has_My_Bag_And_Give_InValid_Ticket" storage="d:\smrs\bootcamp\cabinet\cabinettest\bin\debug\cabinettest.dll" id="3c3537dd-0a85-8c09-fbce-0fe540616ae8">
      <Css projectStructure="" iteration="" />
      <Execution timeOut="1800000" id="e06bfc12-8311-4032-85af-7397f54f6aac" />
      <Owners>
        <Owner name="" />
      </Owners>
      <TestMethod codeBase="D:/SMRs/BootCamp/Cabinet/CabinetTest/bin/Debug/CabinetTest.DLL" adapterTypeName="Microsoft.VisualStudio.TestTools.TestTypes.Unit.UnitTestAdapter, Microsoft.VisualStudio.QualityTools.Tips.UnitTest.Adapter" className="CabinetTest.SmartRobotTest, CabinetTest, Version=1.0.0.0, Culture=neutral, PublicKeyToken=null" name="Pick_One_Bag_When_Cabinet_Has_My_Bag_And_Give_InValid_Ticket" />
    </UnitTest>
    <UnitTest name="Store_One_Bag_When_All_Cabinets_Full_Return_Null_Ticket" storage="d:\smrs\bootcamp\cabinet\cabinettest\bin\debug\cabinettest.dll" id="0a987830-0f93-1c95-7fa8-b94d95c4ba48">
      <Css projectStructure="" iteration="" />
      <Execution timeOut="1800000" id="42c9bf91-3937-4055-8929-c16c849c99ee" />
      <Owners>
        <Owner name="" />
      </Owners>
      <TestMethod codeBase="D:/SMRs/BootCamp/Cabinet/CabinetTest/bin/Debug/CabinetTest.DLL" adapterTypeName="Microsoft.VisualStudio.TestTools.TestTypes.Unit.UnitTestAdapter, Microsoft.VisualStudio.QualityTools.Tips.UnitTest.Adapter" className="CabinetTest.SmartRobotTest, CabinetTest, Version=1.0.0.0, Culture=neutral, PublicKeyToken=null" name="Store_One_Bag_When_All_Cabinets_Full_Return_Null_Ticket" />
    </UnitTest>
  </TestDefinitions>
  <TestLists>
    <TestList name="Results Not in a List" id="8c84fa94-04c1-424b-9868-57a2d4851a1d" />
    <TestList name="All Loaded Results" id="19431567-8539-422a-85d7-44ee4e166bda" />
  </TestLists>
  <TestEntries>
    <TestEntry testId="3c3537dd-0a85-8c09-fbce-0fe540616ae8" executionId="e06bfc12-8311-4032-85af-7397f54f6aac" testListId="8c84fa94-04c1-424b-9868-57a2d4851a1d" />
    <TestEntry testId="2ec0cb6a-0e2c-7b87-322a-eed8f9432ae6" executionId="155ad49c-1d80-4d00-9fd0-8a6af20ba4ca" testListId="8c84fa94-04c1-424b-9868-57a2d4851a1d" />
    <TestEntry testId="0a987830-0f93-1c95-7fa8-b94d95c4ba48" executionId="42c9bf91-3937-4055-8929-c16c849c99ee" testListId="8c84fa94-04c1-424b-9868-57a2d4851a1d" />
    <TestEntry testId="e80522b4-fe7d-c412-7f8c-3294f406a334" executionId="1896dec9-5996-4fbe-9079-ec58b85bba18" testListId="8c84fa94-04c1-424b-9868-57a2d4851a1d" />
    <TestEntry testId="194e3b99-72c0-389d-e81a-acbfe18096fb" executionId="2eb89d24-0eb9-427b-a3e3-ee4c9ab7d0a4" testListId="8c84fa94-04c1-424b-9868-57a2d4851a1d" />
  </TestEntries>
  <Results>
    <UnitTestResult executionId="e06bfc12-8311-4032-85af-7397f54f6aac" testId="3c3537dd-0a85-8c09-fbce-0fe540616ae8" testName="Pick_One_Bag_When_Cabinet_Has_My_Bag_And_Give_InValid_Ticket" computerName="BGC-HUIZHANG27" duration="00:00:00.0130287" startTime="2012-12-08T01:06:46.2027043+08:00" endTime="2012-12-08T01:06:46.2767085+08:00" testType="13cdc9d9-ddb5-4fa4-a97d-d965ccfc6d4b" outcome="Passed" testListId="8c84fa94-04c1-424b-9868-57a2d4851a1d">
      <Output>
      </Output>
    </UnitTestResult>
    <UnitTestResult executionId="155ad49c-1d80-4d00-9fd0-8a6af20ba4ca" testId="2ec0cb6a-0e2c-7b87-322a-eed8f9432ae6" testName="Pick_One_Bag_When_Cabinet_Has_My_Bag_And_Give_Valid_Ticket" computerName="BGC-HUIZHANG27" duration="00:00:00.0037575" startTime="2012-12-08T01:06:46.2777086+08:00" endTime="2012-12-08T01:06:46.2827089+08:00" testType="13cdc9d9-ddb5-4fa4-a97d-d965ccfc6d4b" outcome="Passed" testListId="8c84fa94-04c1-424b-9868-57a2d4851a1d">
      <Output>
      </Output>
    </UnitTestResult>
    <UnitTestResult executionId="42c9bf91-3937-4055-8929-c16c849c99ee" testId="0a987830-0f93-1c95-7fa8-b94d95c4ba48" testName="Store_One_Bag_When_All_Cabinets_Full_Return_Null_Ticket" computerName="BGC-HUIZHANG27" duration="00:00:00.0007275" startTime="2012-12-08T01:06:46.2837089+08:00" endTime="2012-12-08T01:06:46.2847090+08:00" testType="13cdc9d9-ddb5-4fa4-a97d-d965ccfc6d4b" outcome="Passed" testListId="8c84fa94-04c1-424b-9868-57a2d4851a1d">
      <Output>
      </Output>
    </UnitTestResult>
    <UnitTestResult executionId="1896dec9-5996-4fbe-9079-ec58b85bba18" testId="e80522b4-fe7d-c412-7f8c-3294f406a334" testName="Store_One_Bag_When_Not_All_Cabinets_Full_Return_Ticket" computerName="BGC-HUIZHANG27" duration="00:00:00.0007993" startTime="2012-12-08T01:06:46.2847090+08:00" endTime="2012-12-08T01:06:46.2867091+08:00" testType="13cdc9d9-ddb5-4fa4-a97d-d965ccfc6d4b" outcome="Passed" testListId="8c84fa94-04c1-424b-9868-57a2d4851a1d">
      <Output>
      </Output>
    </UnitTestResult>
    <UnitTestResult executionId="2eb89d24-0eb9-427b-a3e3-ee4c9ab7d0a4" testId="194e3b99-72c0-389d-e81a-acbfe18096fb" testName="StoreBag_In_MostEmpty_Cabinet" computerName="BGC-HUIZHANG27" duration="00:00:00.0024693" startTime="2012-12-08T01:06:46.2877092+08:00" endTime="2012-12-08T01:06:46.2907093+08:00" testType="13cdc9d9-ddb5-4fa4-a97d-d965ccfc6d4b" outcome="Passed" testListId="8c84fa94-04c1-424b-9868-57a2d4851a1d">
      <Output>
      </Output>
    </UnitTestResult>
  </Results>
</TestRun>